<?xml version="1.0" encoding="UTF-8"?>
<coverage generated="1759449296078" clover="3.2.0">
  <project timestamp="1759449296078" name="All files">
    <metrics statements="59" coveredstatements="59" conditionals="51" coveredconditionals="51" methods="4" coveredmethods="4" elements="114" coveredelements="114" complexity="0" loc="59" ncloc="59" packages="1" files="2" classes="2"/>
    <file name="packageSorter.ts" path="/Users/0xemmet/Projects/thoughtful-takehome/src/packageSorter.ts">
      <metrics statements="18" coveredstatements="18" conditionals="13" coveredconditionals="13" methods="3" coveredmethods="3"/>
      <line num="1" count="1" type="stmt"/>
      <line num="21" count="1" type="stmt"/>
      <line num="22" count="1" type="stmt"/>
      <line num="23" count="1" type="stmt"/>
      <line num="32" count="18" type="stmt"/>
      <line num="34" count="18" type="cond" truecount="3" falsecount="0"/>
      <line num="38" count="18" type="cond" truecount="2" falsecount="0"/>
      <line num="46" count="18" type="stmt"/>
      <line num="64" count="1" type="stmt"/>
      <line num="65" count="18" type="stmt"/>
      <line num="66" count="18" type="stmt"/>
      <line num="68" count="18" type="stmt"/>
      <line num="69" count="18" type="stmt"/>
      <line num="71" count="18" type="cond" truecount="4" falsecount="0"/>
      <line num="72" count="5" type="stmt"/>
      <line num="75" count="13" type="cond" truecount="4" falsecount="0"/>
      <line num="76" count="10" type="stmt"/>
      <line num="79" count="3" type="stmt"/>
    </file>
    <file name="validation.ts" path="/Users/0xemmet/Projects/thoughtful-takehome/src/validation.ts">
      <metrics statements="41" coveredstatements="41" conditionals="38" coveredconditionals="38" methods="1" coveredmethods="1"/>
      <line num="8" count="2" type="stmt"/>
      <line num="10" count="54" type="cond" truecount="2" falsecount="0"/>
      <line num="11" count="2" type="stmt"/>
      <line num="15" count="52" type="cond" truecount="2" falsecount="0"/>
      <line num="16" count="3" type="stmt"/>
      <line num="20" count="49" type="stmt"/>
      <line num="21" count="49" type="stmt"/>
      <line num="22" count="187" type="cond" truecount="2" falsecount="0"/>
      <line num="23" count="5" type="stmt"/>
      <line num="28" count="44" type="cond" truecount="2" falsecount="0"/>
      <line num="29" count="3" type="stmt"/>
      <line num="31" count="41" type="cond" truecount="2" falsecount="0"/>
      <line num="32" count="2" type="stmt"/>
      <line num="34" count="39" type="cond" truecount="2" falsecount="0"/>
      <line num="35" count="1" type="stmt"/>
      <line num="37" count="38" type="cond" truecount="2" falsecount="0"/>
      <line num="38" count="2" type="stmt"/>
      <line num="42" count="36" type="cond" truecount="2" falsecount="0"/>
      <line num="43" count="1" type="stmt"/>
      <line num="45" count="35" type="cond" truecount="2" falsecount="0"/>
      <line num="46" count="1" type="stmt"/>
      <line num="48" count="34" type="cond" truecount="2" falsecount="0"/>
      <line num="49" count="1" type="stmt"/>
      <line num="51" count="33" type="cond" truecount="2" falsecount="0"/>
      <line num="52" count="1" type="stmt"/>
      <line num="56" count="32" type="cond" truecount="2" falsecount="0"/>
      <line num="57" count="1" type="stmt"/>
      <line num="59" count="31" type="cond" truecount="2" falsecount="0"/>
      <line num="60" count="1" type="stmt"/>
      <line num="62" count="30" type="cond" truecount="2" falsecount="0"/>
      <line num="63" count="1" type="stmt"/>
      <line num="65" count="29" type="cond" truecount="2" falsecount="0"/>
      <line num="66" count="1" type="stmt"/>
      <line num="70" count="28" type="cond" truecount="2" falsecount="0"/>
      <line num="71" count="3" type="stmt"/>
      <line num="73" count="25" type="cond" truecount="2" falsecount="0"/>
      <line num="74" count="2" type="stmt"/>
      <line num="76" count="23" type="cond" truecount="2" falsecount="0"/>
      <line num="77" count="2" type="stmt"/>
      <line num="79" count="21" type="cond" truecount="2" falsecount="0"/>
      <line num="80" count="2" type="stmt"/>
    </file>
  </project>
</coverage>
