{"/Users/0xemmet/Projects/thoughtful-takehome/src/packageSorter.ts": {"path":"/Users/0xemmet/Projects/thoughtful-takehome/src/packageSorter.ts","statementMap":{"0":{"start":{"line":64,"column":0},"end":{"line":64,"column":16}},"1":{"start":{"line":1,"column":0},"end":{"line":1,"column":47}},"2":{"start":{"line":21,"column":25},"end":{"line":21,"column":34}},"3":{"start":{"line":22,"column":28},"end":{"line":22,"column":31}},"4":{"start":{"line":23,"column":23},"end":{"line":23,"column":25}},"5":{"start":{"line":32,"column":17},"end":{"line":32,"column":52}},"6":{"start":{"line":34,"column":4},"end":{"line":36,"column":37}},"7":{"start":{"line":38,"column":2},"end":{"line":38,"column":57}},"8":{"start":{"line":46,"column":2},"end":{"line":46,"column":36}},"9":{"start":{"line":65,"column":14},"end":{"line":65,"column":45}},"10":{"start":{"line":66,"column":2},"end":{"line":66,"column":23}},"11":{"start":{"line":68,"column":16},"end":{"line":68,"column":28}},"12":{"start":{"line":69,"column":16},"end":{"line":69,"column":28}},"13":{"start":{"line":71,"column":2},"end":{"line":73,"column":3}},"14":{"start":{"line":72,"column":4},"end":{"line":72,"column":22}},"15":{"start":{"line":75,"column":2},"end":{"line":77,"column":3}},"16":{"start":{"line":76,"column":4},"end":{"line":76,"column":21}},"17":{"start":{"line":79,"column":2},"end":{"line":79,"column":20}}},"fnMap":{"0":{"name":"isBulky","decl":{"start":{"line":31,"column":9},"end":{"line":31,"column":16}},"loc":{"start":{"line":31,"column":29},"end":{"line":39,"column":1}}},"1":{"name":"isHeavy","decl":{"start":{"line":45,"column":9},"end":{"line":45,"column":16}},"loc":{"start":{"line":45,"column":29},"end":{"line":47,"column":1}}},"2":{"name":"sort","decl":{"start":{"line":64,"column":16},"end":{"line":64,"column":20}},"loc":{"start":{"line":64,"column":80},"end":{"line":80,"column":1}}}},"branchMap":{"0":{"loc":{"start":{"line":34,"column":4},"end":{"line":36,"column":37}},"type":"binary-expr","locations":[{"start":{"line":34,"column":4},"end":{"line":34,"column":36}},{"start":{"line":35,"column":4},"end":{"line":35,"column":37}},{"start":{"line":36,"column":4},"end":{"line":36,"column":37}}]},"1":{"loc":{"start":{"line":38,"column":9},"end":{"line":38,"column":56}},"type":"binary-expr","locations":[{"start":{"line":38,"column":9},"end":{"line":38,"column":35}},{"start":{"line":38,"column":39},"end":{"line":38,"column":56}}]},"2":{"loc":{"start":{"line":71,"column":2},"end":{"line":73,"column":3}},"type":"if","locations":[{"start":{"line":71,"column":2},"end":{"line":73,"column":3}},{"start":{},"end":{}}]},"3":{"loc":{"start":{"line":71,"column":6},"end":{"line":71,"column":20}},"type":"binary-expr","locations":[{"start":{"line":71,"column":6},"end":{"line":71,"column":11}},{"start":{"line":71,"column":15},"end":{"line":71,"column":20}}]},"4":{"loc":{"start":{"line":75,"column":2},"end":{"line":77,"column":3}},"type":"if","locations":[{"start":{"line":75,"column":2},"end":{"line":77,"column":3}},{"start":{},"end":{}}]},"5":{"loc":{"start":{"line":75,"column":6},"end":{"line":75,"column":20}},"type":"binary-expr","locations":[{"start":{"line":75,"column":6},"end":{"line":75,"column":11}},{"start":{"line":75,"column":15},"end":{"line":75,"column":20}}]}},"s":{"0":1,"1":1,"2":1,"3":1,"4":1,"5":18,"6":18,"7":18,"8":18,"9":18,"10":18,"11":18,"12":18,"13":18,"14":5,"15":13,"16":10,"17":3},"f":{"0":18,"1":18,"2":18},"b":{"0":[18,12,11],"1":[18,12],"2":[5,13],"3":[18,8],"4":[10,3],"5":[13,10]}}
,"/Users/0xemmet/Projects/thoughtful-takehome/src/validation.ts": {"path":"/Users/0xemmet/Projects/thoughtful-takehome/src/validation.ts","statementMap":{"0":{"start":{"line":8,"column":0},"end":{"line":8,"column":16}},"1":{"start":{"line":10,"column":2},"end":{"line":12,"column":3}},"2":{"start":{"line":11,"column":4},"end":{"line":11,"column":59}},"3":{"start":{"line":15,"column":2},"end":{"line":17,"column":3}},"4":{"start":{"line":16,"column":4},"end":{"line":16,"column":49}},"5":{"start":{"line":20,"column":24},"end":{"line":20,"column":61}},"6":{"start":{"line":21,"column":2},"end":{"line":25,"column":3}},"7":{"start":{"line":22,"column":4},"end":{"line":24,"column":5}},"8":{"start":{"line":23,"column":6},"end":{"line":23,"column":71}},"9":{"start":{"line":28,"column":2},"end":{"line":30,"column":3}},"10":{"start":{"line":29,"column":4},"end":{"line":29,"column":54}},"11":{"start":{"line":31,"column":2},"end":{"line":33,"column":3}},"12":{"start":{"line":32,"column":4},"end":{"line":32,"column":55}},"13":{"start":{"line":34,"column":2},"end":{"line":36,"column":3}},"14":{"start":{"line":35,"column":4},"end":{"line":35,"column":55}},"15":{"start":{"line":37,"column":2},"end":{"line":39,"column":3}},"16":{"start":{"line":38,"column":4},"end":{"line":38,"column":53}},"17":{"start":{"line":42,"column":2},"end":{"line":44,"column":3}},"18":{"start":{"line":43,"column":4},"end":{"line":43,"column":51}},"19":{"start":{"line":45,"column":2},"end":{"line":47,"column":3}},"20":{"start":{"line":46,"column":4},"end":{"line":46,"column":52}},"21":{"start":{"line":48,"column":2},"end":{"line":50,"column":3}},"22":{"start":{"line":49,"column":4},"end":{"line":49,"column":52}},"23":{"start":{"line":51,"column":2},"end":{"line":53,"column":3}},"24":{"start":{"line":52,"column":4},"end":{"line":52,"column":50}},"25":{"start":{"line":56,"column":2},"end":{"line":58,"column":3}},"26":{"start":{"line":57,"column":4},"end":{"line":57,"column":61}},"27":{"start":{"line":59,"column":2},"end":{"line":61,"column":3}},"28":{"start":{"line":60,"column":4},"end":{"line":60,"column":62}},"29":{"start":{"line":62,"column":2},"end":{"line":64,"column":3}},"30":{"start":{"line":63,"column":4},"end":{"line":63,"column":62}},"31":{"start":{"line":65,"column":2},"end":{"line":67,"column":3}},"32":{"start":{"line":66,"column":4},"end":{"line":66,"column":60}},"33":{"start":{"line":70,"column":2},"end":{"line":72,"column":3}},"34":{"start":{"line":71,"column":4},"end":{"line":71,"column":63}},"35":{"start":{"line":73,"column":2},"end":{"line":75,"column":3}},"36":{"start":{"line":74,"column":4},"end":{"line":74,"column":64}},"37":{"start":{"line":76,"column":2},"end":{"line":78,"column":3}},"38":{"start":{"line":77,"column":4},"end":{"line":77,"column":64}},"39":{"start":{"line":79,"column":2},"end":{"line":81,"column":3}},"40":{"start":{"line":80,"column":4},"end":{"line":80,"column":62}}},"fnMap":{"0":{"name":"validatePackage","decl":{"start":{"line":8,"column":16},"end":{"line":8,"column":31}},"loc":{"start":{"line":8,"column":40},"end":{"line":82,"column":1}}}},"branchMap":{"0":{"loc":{"start":{"line":10,"column":2},"end":{"line":12,"column":3}},"type":"if","locations":[{"start":{"line":10,"column":2},"end":{"line":12,"column":3}},{"start":{},"end":{}}]},"1":{"loc":{"start":{"line":15,"column":2},"end":{"line":17,"column":3}},"type":"if","locations":[{"start":{"line":15,"column":2},"end":{"line":17,"column":3}},{"start":{},"end":{}}]},"2":{"loc":{"start":{"line":22,"column":4},"end":{"line":24,"column":5}},"type":"if","locations":[{"start":{"line":22,"column":4},"end":{"line":24,"column":5}},{"start":{},"end":{}}]},"3":{"loc":{"start":{"line":28,"column":2},"end":{"line":30,"column":3}},"type":"if","locations":[{"start":{"line":28,"column":2},"end":{"line":30,"column":3}},{"start":{},"end":{}}]},"4":{"loc":{"start":{"line":31,"column":2},"end":{"line":33,"column":3}},"type":"if","locations":[{"start":{"line":31,"column":2},"end":{"line":33,"column":3}},{"start":{},"end":{}}]},"5":{"loc":{"start":{"line":34,"column":2},"end":{"line":36,"column":3}},"type":"if","locations":[{"start":{"line":34,"column":2},"end":{"line":36,"column":3}},{"start":{},"end":{}}]},"6":{"loc":{"start":{"line":37,"column":2},"end":{"line":39,"column":3}},"type":"if","locations":[{"start":{"line":37,"column":2},"end":{"line":39,"column":3}},{"start":{},"end":{}}]},"7":{"loc":{"start":{"line":42,"column":2},"end":{"line":44,"column":3}},"type":"if","locations":[{"start":{"line":42,"column":2},"end":{"line":44,"column":3}},{"start":{},"end":{}}]},"8":{"loc":{"start":{"line":45,"column":2},"end":{"line":47,"column":3}},"type":"if","locations":[{"start":{"line":45,"column":2},"end":{"line":47,"column":3}},{"start":{},"end":{}}]},"9":{"loc":{"start":{"line":48,"column":2},"end":{"line":50,"column":3}},"type":"if","locations":[{"start":{"line":48,"column":2},"end":{"line":50,"column":3}},{"start":{},"end":{}}]},"10":{"loc":{"start":{"line":51,"column":2},"end":{"line":53,"column":3}},"type":"if","locations":[{"start":{"line":51,"column":2},"end":{"line":53,"column":3}},{"start":{},"end":{}}]},"11":{"loc":{"start":{"line":56,"column":2},"end":{"line":58,"column":3}},"type":"if","locations":[{"start":{"line":56,"column":2},"end":{"line":58,"column":3}},{"start":{},"end":{}}]},"12":{"loc":{"start":{"line":59,"column":2},"end":{"line":61,"column":3}},"type":"if","locations":[{"start":{"line":59,"column":2},"end":{"line":61,"column":3}},{"start":{},"end":{}}]},"13":{"loc":{"start":{"line":62,"column":2},"end":{"line":64,"column":3}},"type":"if","locations":[{"start":{"line":62,"column":2},"end":{"line":64,"column":3}},{"start":{},"end":{}}]},"14":{"loc":{"start":{"line":65,"column":2},"end":{"line":67,"column":3}},"type":"if","locations":[{"start":{"line":65,"column":2},"end":{"line":67,"column":3}},{"start":{},"end":{}}]},"15":{"loc":{"start":{"line":70,"column":2},"end":{"line":72,"column":3}},"type":"if","locations":[{"start":{"line":70,"column":2},"end":{"line":72,"column":3}},{"start":{},"end":{}}]},"16":{"loc":{"start":{"line":73,"column":2},"end":{"line":75,"column":3}},"type":"if","locations":[{"start":{"line":73,"column":2},"end":{"line":75,"column":3}},{"start":{},"end":{}}]},"17":{"loc":{"start":{"line":76,"column":2},"end":{"line":78,"column":3}},"type":"if","locations":[{"start":{"line":76,"column":2},"end":{"line":78,"column":3}},{"start":{},"end":{}}]},"18":{"loc":{"start":{"line":79,"column":2},"end":{"line":81,"column":3}},"type":"if","locations":[{"start":{"line":79,"column":2},"end":{"line":81,"column":3}},{"start":{},"end":{}}]}},"s":{"0":2,"1":54,"2":2,"3":52,"4":3,"5":49,"6":49,"7":187,"8":5,"9":44,"10":3,"11":41,"12":2,"13":39,"14":1,"15":38,"16":2,"17":36,"18":1,"19":35,"20":1,"21":34,"22":1,"23":33,"24":1,"25":32,"26":1,"27":31,"28":1,"29":30,"30":1,"31":29,"32":1,"33":28,"34":3,"35":25,"36":2,"37":23,"38":2,"39":21,"40":2},"f":{"0":54},"b":{"0":[2,52],"1":[3,49],"2":[5,182],"3":[3,41],"4":[2,39],"5":[1,38],"6":[2,36],"7":[1,35],"8":[1,34],"9":[1,33],"10":[1,32],"11":[1,31],"12":[1,30],"13":[1,29],"14":[1,28],"15":[3,25],"16":[2,23],"17":[2,21],"18":[2,19]}}
}
