TN:
SF:src/packageSorter.ts
FN:31,isBulky
FN:45,isHeavy
FN:64,sort
FNF:3
FNH:3
FNDA:18,isBulky
FNDA:18,isHeavy
FNDA:18,sort
DA:1,1
DA:21,1
DA:22,1
DA:23,1
DA:32,18
DA:34,18
DA:38,18
DA:46,18
DA:64,1
DA:65,18
DA:66,18
DA:68,18
DA:69,18
DA:71,18
DA:72,5
DA:75,13
DA:76,10
DA:79,3
LF:18
LH:18
BRDA:34,0,0,18
BRDA:34,0,1,12
BRDA:34,0,2,11
BRDA:38,1,0,18
BRDA:38,1,1,12
BRDA:71,2,0,5
BRDA:71,2,1,13
BRDA:71,3,0,18
BRDA:71,3,1,8
BRDA:75,4,0,10
BRDA:75,4,1,3
BRDA:75,5,0,13
BRDA:75,5,1,10
BRF:13
BRH:13
end_of_record
TN:
SF:src/validation.ts
FN:8,validatePackage
FNF:1
FNH:1
FNDA:54,validatePackage
DA:8,2
DA:10,54
DA:11,2
DA:15,52
DA:16,3
DA:20,49
DA:21,49
DA:22,187
DA:23,5
DA:28,44
DA:29,3
DA:31,41
DA:32,2
DA:34,39
DA:35,1
DA:37,38
DA:38,2
DA:42,36
DA:43,1
DA:45,35
DA:46,1
DA:48,34
DA:49,1
DA:51,33
DA:52,1
DA:56,32
DA:57,1
DA:59,31
DA:60,1
DA:62,30
DA:63,1
DA:65,29
DA:66,1
DA:70,28
DA:71,3
DA:73,25
DA:74,2
DA:76,23
DA:77,2
DA:79,21
DA:80,2
LF:41
LH:41
BRDA:10,0,0,2
BRDA:10,0,1,52
BRDA:15,1,0,3
BRDA:15,1,1,49
BRDA:22,2,0,5
BRDA:22,2,1,182
BRDA:28,3,0,3
BRDA:28,3,1,41
BRDA:31,4,0,2
BRDA:31,4,1,39
BRDA:34,5,0,1
BRDA:34,5,1,38
BRDA:37,6,0,2
BRDA:37,6,1,36
BRDA:42,7,0,1
BRDA:42,7,1,35
BRDA:45,8,0,1
BRDA:45,8,1,34
BRDA:48,9,0,1
BRDA:48,9,1,33
BRDA:51,10,0,1
BRDA:51,10,1,32
BRDA:56,11,0,1
BRDA:56,11,1,31
BRDA:59,12,0,1
BRDA:59,12,1,30
BRDA:62,13,0,1
BRDA:62,13,1,29
BRDA:65,14,0,1
BRDA:65,14,1,28
BRDA:70,15,0,3
BRDA:70,15,1,25
BRDA:73,16,0,2
BRDA:73,16,1,23
BRDA:76,17,0,2
BRDA:76,17,1,21
BRDA:79,18,0,2
BRDA:79,18,1,19
BRF:38
BRH:38
end_of_record
